2020-04-03 17:30:36.730 -06:00 [ERR] ++ Token Qis ++ c2511849-1f36-4f47-bdb5-669a00dafde1 03/04/2020 05:30:35 p. m.
2020-04-03 17:30:46.991 -06:00 [ERR] ++ Token Qis ++ c2511849-1f36-4f47-bdb5-669a00dafde1 03/04/2020 05:30:35 p. m.
2020-04-09 13:28:24.902 -05:00 [ERR] ++ Token Qis ++ 0e94d5e7-d64e-49f9-b303-3eb01a80adfb 09/04/2020 01:28:24 p. m.
2020-04-09 13:28:35.295 -05:00 [ERR] ++ Token Qis ++ 0e94d5e7-d64e-49f9-b303-3eb01a80adfb 09/04/2020 01:28:24 p. m.
2020-04-09 13:30:49.256 -05:00 [ERR] ++ Token Qis ++ 0e94d5e7-d64e-49f9-b303-3eb01a80adfb 09/04/2020 01:28:24 p. m.
2020-04-09 13:42:45.426 -05:00 [ERR] ++ Token Qis ++  01/01/0001 12:00:00 a. m.
2020-04-09 13:45:39.831 -05:00 [ERR] ++ Token Qis ++  01/01/0001 12:00:00 a. m.
2020-04-09 13:45:39.944 -05:00 [ERR] ++ Token Qis ++  01/01/0001 12:00:00 a. m.
2020-04-09 13:46:09.021 -05:00 [ERR] ++ Token Qis ++  01/01/0001 12:00:00 a. m.
2020-04-11 10:44:19.087 -05:00 [ERR] ++ Token Qis ++  01/01/0001 12:00:00 a. m.
2020-04-15 17:05:54.097 -05:00 [ERR] ++ Token Qis ++  01/01/0001 12:00:00 a. m.
2020-04-15 17:05:59.358 -05:00 [ERR] ++ Token Qis ++  01/01/0001 12:00:00 a. m.
2020-04-15 17:06:28.202 -05:00 [ERR] ++ Token Qis ++  01/01/0001 12:00:00 a. m.
2020-04-15 17:06:33.695 -05:00 [ERR] ++ Token Qis ++  01/01/0001 12:00:00 a. m.
2020-04-15 17:10:30.475 -05:00 [ERR] ++ Token Qis ++  01/01/0001 12:00:00 a. m.
2020-04-15 17:10:31.864 -05:00 [ERR] ++ Token Qis ++  01/01/0001 12:00:00 a. m.
2020-04-15 17:15:51.716 -05:00 [ERR] ++ Token Qis ++  01/01/0001 12:00:00 a. m.
2020-04-15 17:15:53.259 -05:00 [ERR] ++ Token Qis ++  01/01/0001 12:00:00 a. m.
2020-04-15 17:16:48.465 -05:00 [ERR] ++ Token Qis ++  01/01/0001 12:00:00 a. m.
2020-04-15 17:16:49.660 -05:00 [ERR] ++ Token Qis ++  01/01/0001 12:00:00 a. m.
2020-04-15 17:18:26.626 -05:00 [ERR] ++ Token Qis ++  01/01/0001 12:00:00 a. m.
2020-04-15 17:18:28.104 -05:00 [ERR] ++ Token Qis ++  01/01/0001 12:00:00 a. m.
2020-04-15 17:19:47.310 -05:00 [ERR] ++ Token Qis ++  01/01/0001 12:00:00 a. m.
2020-04-15 17:19:53.764 -05:00 [ERR] ++ Token Qis ++  01/01/0001 12:00:00 a. m.
2020-04-15 17:20:59.958 -05:00 [ERR] ++ Token Qis ++  01/01/0001 12:00:00 a. m.
2020-04-15 17:22:21.490 -05:00 [ERR] ++ Token Qis ++  01/01/0001 12:00:00 a. m.
2020-04-15 17:23:03.870 -05:00 [ERR] ++ Token Qis ++  01/01/0001 12:00:00 a. m.
2020-04-15 17:28:40.347 -05:00 [ERR] ++ Token Qis ++  01/01/0001 12:00:00 a. m.
2020-04-15 17:28:55.473 -05:00 [ERR] ++ Token Qis ++  01/01/0001 12:00:00 a. m.
2020-04-15 17:29:08.099 -05:00 [ERR] ++ Token Qis ++  01/01/0001 12:00:00 a. m.
2020-04-15 17:29:09.212 -05:00 [ERR] ++ Token Qis ++  01/01/0001 12:00:00 a. m.
2020-04-15 17:29:09.501 -05:00 [ERR] ++ Token Qis ++  01/01/0001 12:00:00 a. m.
2020-04-15 17:29:10.652 -05:00 [ERR] ++ Token Qis ++  01/01/0001 12:00:00 a. m.
2020-04-15 17:31:30.728 -05:00 [ERR] ++ Token Qis ++  01/01/0001 12:00:00 a. m.
2020-04-15 17:31:31.846 -05:00 [ERR] ++ Token Qis ++  01/01/0001 12:00:00 a. m.
2020-04-15 17:32:08.022 -05:00 [ERR] ++ Token Qis ++  01/01/0001 12:00:00 a. m.
2020-04-15 17:35:08.048 -05:00 [ERR] ++ Token Qis ++  01/01/0001 12:00:00 a. m.
2020-04-16 21:24:18.827 -05:00 [ERR] ++ Token Qis ++ 4f82f20c-6a96-42a8-a101-6e157761f3d3 16/04/2020 09:23:54 p. m.
2020-04-16 21:24:57.461 -05:00 [ERR] ++ Token Qis ++ 4f82f20c-6a96-42a8-a101-6e157761f3d3 16/04/2020 09:23:54 p. m.
2020-04-16 21:27:08.242 -05:00 [ERR] ++ Token Qis ++ 4f82f20c-6a96-42a8-a101-6e157761f3d3 16/04/2020 09:23:54 p. m.
2020-04-16 21:28:00.377 -05:00 [ERR] ++ Token Qis ++ 4f82f20c-6a96-42a8-a101-6e157761f3d3 16/04/2020 09:23:54 p. m.
2020-04-16 21:30:54.747 -05:00 [ERR] ++ Token Qis ++ 4f82f20c-6a96-42a8-a101-6e157761f3d3 16/04/2020 09:23:54 p. m.
2020-04-16 21:30:57.057 -05:00 [ERR] ++ Token Qis ++ 4f82f20c-6a96-42a8-a101-6e157761f3d3 16/04/2020 09:23:54 p. m.
2020-04-17 10:40:58.350 -05:00 [ERR] ++ Token Qis ++ Unexpected character encountered while parsing value: {. Path '', line 1, position 1. 01/01/0001 12:00:00 a. m.
2020-04-17 10:41:00.555 -05:00 [ERR] ++ Token Qis ++ Unexpected character encountered while parsing value: {. Path '', line 1, position 1. 01/01/0001 12:00:00 a. m.
2020-04-17 10:44:17.878 -05:00 [ERR] ++ Token Qis ++ Unexpected character encountered while parsing value: {. Path '', line 1, position 1. 01/01/0001 12:00:00 a. m.
2020-04-17 10:45:33.149 -05:00 [ERR] ++ Token Qis ++ Unexpected character encountered while parsing value: {. Path '', line 1, position 1. 01/01/0001 12:00:00 a. m.
2020-04-17 10:48:16.890 -05:00 [ERR] ++ Token Qis ++  01/01/0001 12:00:00 a. m.
2020-04-17 11:36:54.953 -05:00 [ERR] ++ Token Qis ++  01/01/0001 12:00:00 a. m.
2020-04-17 11:36:56.606 -05:00 [ERR] ++ Token Qis ++  01/01/0001 12:00:00 a. m.
2020-04-17 11:37:45.161 -05:00 [ERR] ++ Token Qis ++  01/01/0001 12:00:00 a. m.
2020-04-17 11:37:46.925 -05:00 [ERR] ++ Token Qis ++  01/01/0001 12:00:00 a. m.
2020-04-17 11:37:46.926 -05:00 [ERR] ++ Token Qis ++  01/01/0001 12:00:00 a. m.
2020-04-17 11:37:48.198 -05:00 [ERR] ++ Token Qis ++  01/01/0001 12:00:00 a. m.
2020-04-17 11:40:44.015 -05:00 [ERR] ++ Token Qis ++ 6a62aecb-d0e0-4034-9f94-1193dffb8094 17/04/2020 11:37:03 a. m.
2020-04-17 11:41:43.782 -05:00 [ERR] ++ Token Qis ++ 6a62aecb-d0e0-4034-9f94-1193dffb8094 17/04/2020 11:37:03 a. m.
2020-04-17 11:41:50.302 -05:00 [ERR] ++ Token Qis ++ 6a62aecb-d0e0-4034-9f94-1193dffb8094 17/04/2020 11:37:03 a. m.
2020-04-17 11:41:50.305 -05:00 [ERR] ++ Token Qis ++ 6a62aecb-d0e0-4034-9f94-1193dffb8094 17/04/2020 11:37:03 a. m.
2020-04-17 11:41:52.544 -05:00 [ERR] ++ Token Qis ++ 6a62aecb-d0e0-4034-9f94-1193dffb8094 17/04/2020 11:37:03 a. m.
2020-04-17 11:56:59.690 -05:00 [ERR] ++ Token Qis ++ 398ca2a2-4829-4432-85d1-2762335f7671 17/04/2020 11:50:03 a. m.
2020-04-17 11:57:02.575 -05:00 [ERR] ++ Token Qis ++ 398ca2a2-4829-4432-85d1-2762335f7671 17/04/2020 11:50:03 a. m.
2020-04-17 11:58:30.749 -05:00 [ERR] ++ Token Qis ++ 398ca2a2-4829-4432-85d1-2762335f7671 17/04/2020 11:50:03 a. m.
2020-04-17 11:58:32.702 -05:00 [ERR] ++ Token Qis ++ 398ca2a2-4829-4432-85d1-2762335f7671 17/04/2020 11:50:03 a. m.
2020-04-17 12:10:40.241 -05:00 [ERR] ++ Token Qis ++ 06fa927a-45a1-4a3d-8c96-5e17a7423700 17/04/2020 12:10:44 p. m.
2020-04-17 12:10:43.503 -05:00 [ERR] ++ Token Qis ++ 06fa927a-45a1-4a3d-8c96-5e17a7423700 17/04/2020 12:10:44 p. m.
2020-05-06 17:29:58.459 -05:00 [ERR] ++ Token Qis ++ bb139a5c-f361-4fcb-b9c6-5639acdf868e 06/05/2020 05:31:20 p. m.
2020-05-06 17:30:06.029 -05:00 [ERR] ++ Token Qis ++ bb139a5c-f361-4fcb-b9c6-5639acdf868e 06/05/2020 05:31:20 p. m.
2020-05-06 17:30:06.030 -05:00 [ERR] ++ Token Qis ++ bb139a5c-f361-4fcb-b9c6-5639acdf868e 06/05/2020 05:31:20 p. m.
2020-05-06 17:30:08.179 -05:00 [ERR] ++ Token Qis ++ bb139a5c-f361-4fcb-b9c6-5639acdf868e 06/05/2020 05:31:20 p. m.
2020-05-06 17:30:14.330 -05:00 [ERR] ++ Token Qis ++ bb139a5c-f361-4fcb-b9c6-5639acdf868e 06/05/2020 05:31:20 p. m.
2020-05-06 17:30:16.259 -05:00 [ERR] ++ Token Qis ++ bb139a5c-f361-4fcb-b9c6-5639acdf868e 06/05/2020 05:31:20 p. m.
2020-05-06 17:30:16.281 -05:00 [ERR] ++ Token Qis ++ bb139a5c-f361-4fcb-b9c6-5639acdf868e 06/05/2020 05:31:20 p. m.
2020-05-06 17:30:18.129 -05:00 [ERR] ++ Token Qis ++ bb139a5c-f361-4fcb-b9c6-5639acdf868e 06/05/2020 05:31:20 p. m.
2020-05-06 17:30:41.893 -05:00 [ERR] ++ Token Qis ++ bb139a5c-f361-4fcb-b9c6-5639acdf868e 06/05/2020 05:31:20 p. m.
2020-05-06 17:30:43.941 -05:00 [ERR] ++ Token Qis ++ bb139a5c-f361-4fcb-b9c6-5639acdf868e 06/05/2020 05:31:20 p. m.
2020-05-06 17:30:44.307 -05:00 [ERR] ++ Token Qis ++ bb139a5c-f361-4fcb-b9c6-5639acdf868e 06/05/2020 05:31:20 p. m.
2020-05-06 17:30:46.495 -05:00 [ERR] ++ Token Qis ++ bb139a5c-f361-4fcb-b9c6-5639acdf868e 06/05/2020 05:31:20 p. m.
2020-05-06 17:30:47.627 -05:00 [ERR] ++ Token Qis ++ bb139a5c-f361-4fcb-b9c6-5639acdf868e 06/05/2020 05:31:20 p. m.
2020-05-06 17:30:49.597 -05:00 [ERR] ++ Token Qis ++ bb139a5c-f361-4fcb-b9c6-5639acdf868e 06/05/2020 05:31:20 p. m.
2020-05-06 17:30:49.628 -05:00 [ERR] ++ Token Qis ++ bb139a5c-f361-4fcb-b9c6-5639acdf868e 06/05/2020 05:31:20 p. m.
2020-05-06 17:30:51.753 -05:00 [ERR] ++ Token Qis ++ bb139a5c-f361-4fcb-b9c6-5639acdf868e 06/05/2020 05:31:20 p. m.
2020-05-06 17:31:02.860 -05:00 [ERR] ++ Token Qis ++ bb139a5c-f361-4fcb-b9c6-5639acdf868e 06/05/2020 05:31:20 p. m.
2020-05-06 17:31:04.936 -05:00 [ERR] ++ Token Qis ++ bb139a5c-f361-4fcb-b9c6-5639acdf868e 06/05/2020 05:31:20 p. m.
2020-05-06 17:31:04.953 -05:00 [ERR] ++ Token Qis ++ bb139a5c-f361-4fcb-b9c6-5639acdf868e 06/05/2020 05:31:20 p. m.
2020-05-06 17:31:07.369 -05:00 [ERR] ++ Token Qis ++ bb139a5c-f361-4fcb-b9c6-5639acdf868e 06/05/2020 05:31:20 p. m.
2020-05-06 17:31:10.014 -05:00 [ERR] ++ Token Qis ++ bb139a5c-f361-4fcb-b9c6-5639acdf868e 06/05/2020 05:31:20 p. m.
2020-05-06 17:31:11.917 -05:00 [ERR] ++ Token Qis ++ bb139a5c-f361-4fcb-b9c6-5639acdf868e 06/05/2020 05:31:20 p. m.
2020-05-06 17:31:11.936 -05:00 [ERR] ++ Token Qis ++ bb139a5c-f361-4fcb-b9c6-5639acdf868e 06/05/2020 05:31:20 p. m.
2020-05-06 17:31:14.022 -05:00 [ERR] ++ Token Qis ++ bb139a5c-f361-4fcb-b9c6-5639acdf868e 06/05/2020 05:31:20 p. m.
2020-05-06 18:00:39.341 -05:00 [ERR] ++ Token Qis ++ 357bb70e-a31a-47aa-bfed-16235ba390e4 06/05/2020 06:02:07 p. m.
2020-05-06 18:00:42.033 -05:00 [ERR] ++ Token Qis ++ 357bb70e-a31a-47aa-bfed-16235ba390e4 06/05/2020 06:02:07 p. m.
2020-05-06 18:00:45.447 -05:00 [ERR] ++ Token Qis ++ 357bb70e-a31a-47aa-bfed-16235ba390e4 06/05/2020 06:02:07 p. m.
2020-05-06 18:00:47.646 -05:00 [ERR] ++ Token Qis ++ 357bb70e-a31a-47aa-bfed-16235ba390e4 06/05/2020 06:02:07 p. m.
2020-05-06 18:00:49.936 -05:00 [ERR] ++ Token Qis ++ 357bb70e-a31a-47aa-bfed-16235ba390e4 06/05/2020 06:02:07 p. m.
2020-05-06 18:00:51.994 -05:00 [ERR] ++ Token Qis ++ 357bb70e-a31a-47aa-bfed-16235ba390e4 06/05/2020 06:02:07 p. m.
2020-05-06 18:08:55.228 -05:00 [ERR] ++ Token Qis ++ 357bb70e-a31a-47aa-bfed-16235ba390e4 06/05/2020 06:02:07 p. m.
2020-05-06 18:08:57.907 -05:00 [ERR] ++ Token Qis ++ 357bb70e-a31a-47aa-bfed-16235ba390e4 06/05/2020 06:02:07 p. m.
2020-05-06 18:11:30.462 -05:00 [ERR] ++ Token Qis ++ f6ab0449-af84-4024-804b-233e671e921a 06/05/2020 06:12:58 p. m.
2020-05-06 18:11:32.596 -05:00 [ERR] ++ Token Qis ++ f6ab0449-af84-4024-804b-233e671e921a 06/05/2020 06:12:58 p. m.
2020-05-06 18:25:36.246 -05:00 [ERR] ++ Token Qis ++ 550fb899-ecde-48e7-b3ce-3eed77ab5197 06/05/2020 06:27:04 p. m.
2020-05-06 18:25:38.761 -05:00 [ERR] ++ Token Qis ++ 550fb899-ecde-48e7-b3ce-3eed77ab5197 06/05/2020 06:27:04 p. m.
2020-05-06 18:35:51.739 -05:00 [ERR] ++ Token Qis ++ f8729f3a-3ee3-4bd6-90fc-59adde5a9999 06/05/2020 06:37:20 p. m.
2020-05-06 18:35:54.423 -05:00 [ERR] ++ Token Qis ++ f8729f3a-3ee3-4bd6-90fc-59adde5a9999 06/05/2020 06:37:20 p. m.
2020-05-06 18:35:59.237 -05:00 [ERR] ++ Token Qis ++ f8729f3a-3ee3-4bd6-90fc-59adde5a9999 06/05/2020 06:37:20 p. m.
2020-05-06 18:36:01.510 -05:00 [ERR] ++ Token Qis ++ f8729f3a-3ee3-4bd6-90fc-59adde5a9999 06/05/2020 06:37:20 p. m.
2020-05-06 18:36:06.900 -05:00 [ERR] ++ Token Qis ++ f8729f3a-3ee3-4bd6-90fc-59adde5a9999 06/05/2020 06:37:20 p. m.
2020-05-06 18:36:08.915 -05:00 [ERR] ++ Token Qis ++ f8729f3a-3ee3-4bd6-90fc-59adde5a9999 06/05/2020 06:37:20 p. m.
2020-05-06 18:36:22.220 -05:00 [ERR] ++ Token Qis ++ f8729f3a-3ee3-4bd6-90fc-59adde5a9999 06/05/2020 06:37:20 p. m.
2020-05-06 18:36:24.147 -05:00 [ERR] ++ Token Qis ++ f8729f3a-3ee3-4bd6-90fc-59adde5a9999 06/05/2020 06:37:20 p. m.
2020-05-06 18:36:24.149 -05:00 [ERR] ++ Token Qis ++ f8729f3a-3ee3-4bd6-90fc-59adde5a9999 06/05/2020 06:37:20 p. m.
2020-05-06 18:36:26.323 -05:00 [ERR] ++ Token Qis ++ f8729f3a-3ee3-4bd6-90fc-59adde5a9999 06/05/2020 06:37:20 p. m.
2020-05-06 18:36:32.897 -05:00 [ERR] ++ Token Qis ++ f8729f3a-3ee3-4bd6-90fc-59adde5a9999 06/05/2020 06:37:20 p. m.
2020-05-06 18:36:34.983 -05:00 [ERR] ++ Token Qis ++ f8729f3a-3ee3-4bd6-90fc-59adde5a9999 06/05/2020 06:37:20 p. m.
2020-05-06 18:36:48.265 -05:00 [ERR] ++ Token Qis ++ f8729f3a-3ee3-4bd6-90fc-59adde5a9999 06/05/2020 06:37:20 p. m.
2020-05-06 18:36:50.307 -05:00 [ERR] ++ Token Qis ++ f8729f3a-3ee3-4bd6-90fc-59adde5a9999 06/05/2020 06:37:20 p. m.
2020-05-06 18:36:51.717 -05:00 [ERR] ++ Token Qis ++ f8729f3a-3ee3-4bd6-90fc-59adde5a9999 06/05/2020 06:37:20 p. m.
2020-05-06 18:36:53.841 -05:00 [ERR] ++ Token Qis ++ f8729f3a-3ee3-4bd6-90fc-59adde5a9999 06/05/2020 06:37:20 p. m.
